gen     	evals	sigma	distance	avg 	std 	min 	max  	dur 
0001/150	19   	3.75 	1.68    	9.55	4.75	3.72	18.62	1.24
0002/150	19   	3.57 	0.64    	12.55	6.53	3.42	31.74	2.05
0003/150	19   	3.41 	2.27    	14.7 	10.05	2.85	42.96	2.91
0004/150	19   	3.36 	3.58    	14.87	10.56	3.61	42.48	3.1 
0005/150	19   	3.22 	7.05    	19.27	18.58	3.36	89.06	5.99
0006/150	19   	3.12 	1.14    	15.24	10.7 	3.29	48.15	3   
0007/150	19   	3.05 	0.02    	21.21	14.8 	7.77	68.44	4.83
0008/150	19   	2.97 	2.69    	20.6 	11.36	4.26	46.13	3.01
0009/150	19   	2.9  	6.32    	25.23	19.11	9.07	90.18	5.85
0010/150	19   	2.87 	1.06    	31.34	42.24	3.42	203.8	10  
0011/150	19   	2.83 	5.81    	22.45	14.81	8.4 	76.75	5.43
0012/150	19   	2.85 	0.7     	20.92	10.02	3.54	37.27	2.58
0013/150	19   	2.88 	10.02   	30.5 	31.43	8.39	156.51	10  
0014/150	19   	2.87 	3.91    	23.84	10.56	10.41	54.95 	4.07
0015/150	19   	2.86 	6.18    	31.03	16.67	10.43	73.33 	5.34
0016/150	19   	2.88 	3.62    	25.47	12.4 	11.06	62.91 	3.75
0017/150	19   	2.91 	1.82    	30.53	17.26	8.61 	69    	4.57
0018/150	19   	2.91 	3.39    	28.11	22.41	10.85	105.32	6.51
0019/150	19   	2.89 	0.6     	27.34	13.26	7.84 	57.22 	3.44
0020/150	19   	2.84 	4.53    	33.95	23.21	12.65	108.7 	7.74
0021/150	19   	2.83 	6.48    	38.59	21.54	13.22	86.02 	5.74
0022/150	19   	2.87 	10.97   	33.16	34.07	11.81	173.46	10  
0023/150	19   	2.91 	3.98    	24.15	12.08	7.94 	51.66 	3.99
0024/150	19   	2.96 	1.68    	27.29	13.04	2.87 	52.9  	3.71
0025/150	19   	3.03 	7.9     	27.14	23.33	4.25 	107.14	7.46
0026/150	19   	3.04 	6.9     	25.57	18.41	8.29 	84.79 	6.38
0027/150	19   	3.05 	11.16   	43.37	30.53	12.62	160.49	10  
0028/150	19   	3.09 	3.61    	26.89	10.2 	12.18	46.49 	3.52
0029/150	19   	3.17 	5.13    	27.5 	23.7 	11.05	117.84	9.17
0030/150	19   	3.27 	0.61    	24.76	11.35	3.6  	45.67 	3.17
0031/150	19   	3.31 	9.58    	28.69	32.94	8.2  	161.39	10  
0032/150	19   	3.35 	9.62    	29.61	31.4 	10.52	158.01	10  
0033/150	19   	3.4  	7.03    	29.74	23.94	8.1  	109.83	8.19
0034/150	19   	3.46 	8.91    	30.34	20.67	12.12	101.56	8.06
0035/150	19   	3.52 	5.1     	30.22	15.29	7.8  	55.42 	4.44
0036/150	19   	3.52 	10      	25.19	27.96	6.09 	138.67	10  
0037/150	19   	3.52 	10      	32.51	32.45	5.58 	149.21	10  
0038/150	19   	3.56 	10.25   	39.34	39.09	13.65	151.12	10  
0039/150	19   	3.57 	9.93    	34.35	36.23	11.78	171.32	10  
0040/150	19   	3.62 	10.69   	46.88	46.92	12.04	158.96	10  
0041/150	19   	3.72 	11.34   	36.88	33.79	11.3 	158.56	10  
0042/150	19   	3.81 	10.97   	49.07	45.84	10.8 	157.03	10  
0043/150	19   	3.83 	11.32   	45.1 	32.3 	12.76	156.03	10  
0044/150	19   	3.87 	4.39    	31.6 	16.06	12.69	64.6  	4.53
0045/150	19   	3.96 	11.39   	47.22	50.01	12.65	164.61	10  
0046/150	19   	4.09 	11.59   	35.23	36.52	11.59	163.44	10  
0047/150	19   	4.23 	3.2     	23.02	14.34	11.03	70.44 	5.26
0048/150	19   	4.34 	4.15    	21.41	15.09	3.25 	66.92 	4.49
0049/150	19   	4.4  	3.4     	19.33	10.35	3.54 	44.52 	3.18
0050/150	19   	4.39 	8.22    	30.89	25.09	10.93	110.02	7.53
0051/150	19   	4.36 	7.2     	30.82	25.44	8.08 	111.42	7.63
0052/150	19   	4.3  	10.9    	41.49	35.61	8.49 	164.25	10  
0053/150	19   	4.36 	10.72   	37.73	37.43	9.81 	159.6 	10  
0054/150	19   	4.36 	10.71   	29.47	31.15	12.07	155.24	10  
0055/150	19   	4.32 	7.6     	31.37	19.96	11.93	95.53 	6.57
0056/150	19   	4.31 	7.59    	43.17	28.18	10.9 	100.92	7.77
0057/150	19   	4.29 	11.23   	43.6 	45.13	11.44	159.08	10  
0058/150	19   	4.33 	6.75    	32.38	21.79	11.33	86.89 	6.11
0059/150	19   	4.34 	10.28   	49.38	38.71	9.7  	150.76	10  
0060/150	19   	4.3  	11.88   	39.64	37.58	10.91	146.04	10  
0061/150	19   	4.25 	12.42   	44.66	48.57	13.46	159.14	10  
0062/150	19   	4.19 	8.99    	34.65	24.58	14.4 	125.44	8.4 
0063/150	19   	4.16 	11.16   	45.96	45.36	11   	152.4 	10  
0064/150	19   	4.1  	11.6    	43.74	31.72	10.3 	152.38	10  
0065/150	19   	4.06 	11.42   	43.13	40.41	10.08	153.21	10  
0066/150	19   	4.02 	11.41   	43.47	43.49	11.84	161.68	10  
0067/150	19   	3.95 	11.65   	63.12	49   	14.14	157.73	10  
0068/150	19   	3.85 	10.99   	35.66	36.59	10.85	160.9 	10  
0069/150	19   	3.81 	11.37   	35.27	28.86	12.8 	141.37	9.73
0070/150	19   	3.92 	13.12   	43.55	36.75	9.85 	147.57	10  
0071/150	19   	3.98 	11.64   	40.61	47.64	4.84 	157.7 	10  
0072/150	19   	4.01 	11.28   	46.64	42.34	10.33	157.91	10  
0073/150	19   	3.99 	7.86    	38.15	32.82	10.91	119.51	8.85
0074/150	19   	3.93 	11.01   	61.89	52.15	13.32	160.15	10  
0075/150	19   	3.89 	10.58   	53.36	38.18	9.5  	142.3 	10  
0076/150	19   	3.81 	12.23   	44.73	31.48	10.04	141.26	10  
0077/150	19   	3.78 	12.08   	34.31	32.29	10.1 	141.85	10  
0078/150	19   	3.78 	11.69   	59.02	48.68	13   	159.4 	10  
0079/150	19   	3.74 	12.3    	55.71	48.88	13.25	160.54	10  
0080/150	19   	3.75 	9.97    	47.73	46.74	12.17	156.98	10  
0081/150	19   	3.79 	12.49   	41.87	40.25	13.62	155.78	10  
0082/150	19   	3.8  	11.95   	36.79	34.49	9.07 	161.89	10  
0083/150	19   	3.82 	11.9    	38.1 	41.76	9.09 	159.09	10  
0084/150	19   	3.78 	11.05   	48.15	46.36	9.2  	163.59	10  
0085/150	19   	3.77 	12.13   	51.21	54.02	13.2 	160.25	10  
0086/150	19   	3.71 	11.88   	66.15	56.34	10.84	163.28	10  
0087/150	19   	3.71 	12.13   	49.25	45.07	9.6  	161.1 	10  
0088/150	19   	3.68 	12.35   	55.25	51.51	14.14	163.07	10  
0089/150	19   	3.64 	11.53   	42.38	41.47	11.28	160.3 	10  
0090/150	19   	3.62 	12.3    	54.59	50.17	12.89	166.19	10  
0091/150	19   	3.57 	10.89   	60.21	53.39	12.21	161.41	10  
0092/150	19   	3.51 	10.32   	51.18	44.6 	12.84	165.67	10  
0093/150	19   	3.39 	11.69   	64.85	56.48	9.6  	167.73	10  
0094/150	19   	3.29 	12.41   	49.17	33.97	15.59	155.42	10  
0095/150	19   	3.21 	11.66   	65.53	51.49	16.54	163.47	10  
0096/150	19   	3.14 	12.08   	57.81	47.73	14.72	163.33	10  
0097/150	19   	3.07 	12.07   	52.77	47.99	19.04	163.03	10  
0098/150	19   	2.99 	10.18   	112.55	53.94	22.3 	164.02	10  
0099/150	19   	2.95 	11.99   	72.37 	55.64	12.75	163.93	10  
0100/150	19   	2.9  	11.94   	62.04 	50.61	16.44	162.5 	10  
0101/150	19   	2.86 	12.15   	84.31 	57.8 	13.92	164.13	10  
0102/150	19   	2.82 	11.98   	70.97 	55.54	16.13	164.28	10  
0103/150	19   	2.87 	11.7    	79.21 	51.43	14.2 	166.39	10  
0104/150	19   	2.88 	11.83   	60.53 	39.63	18.88	159.63	10  
0105/150	19   	2.83 	11.65   	66.13 	52.13	16.13	161.45	10  
0106/150	19   	2.8  	11.87   	85.57 	56.6 	23.78	162.01	10  
0107/150	19   	2.79 	12.03   	68.79 	47.31	20.49	164.86	10  
0108/150	19   	2.78 	11.59   	60.82 	41.86	12.47	163.24	10  
0109/150	19   	2.82 	10.03   	58.76 	40.04	13.92	162.17	10  
0110/150	19   	2.79 	12.25   	59.96 	42.8 	21.18	162.13	10  
0111/150	19   	2.73 	11.34   	70.92 	53.05	14.78	161.56	10  
0112/150	19   	2.69 	11.77   	83.16 	53.14	18.1 	161.21	10  
0113/150	19   	2.61 	11.85   	56.24 	41.21	16.29	159.34	10  
0114/150	19   	2.5  	12.08   	96.23 	55.33	13.64	161.15	10  
0115/150	19   	2.45 	12.33   	62.19 	50.37	10.97	161.7 	10  
0116/150	19   	2.41 	10.92   	66.38 	53.31	16.22	160.96	10  
0117/150	19   	2.38 	12.23   	112.8 	50.75	35.08	161.52	10  
0118/150	19   	2.34 	11.93   	79.58 	53.64	18.81	161.51	10  
0119/150	19   	2.3  	12.09   	81.21 	51.48	23.61	161.99	10  
0120/150	19   	2.24 	11.95   	65.17 	46.62	16.42	162.54	10  
0121/150	19   	2.21 	12.15   	97.94 	53.29	16.21	167.38	10  
0122/150	19   	2.19 	11.93   	71.82 	56.65	16.17	170.22	10  
0123/150	19   	2.15 	12.12   	83.8  	55.6 	26.05	170.13	10  
0124/150	19   	2.09 	10.95   	96.85 	62.26	16.79	166.88	10  
0125/150	19   	2.1  	12.27   	90.38 	59.99	15.89	170.85	10  
0126/150	19   	2.1  	11.48   	66.07 	52.05	14.71	166.55	10  
0127/150	19   	2.07 	10.52   	96.33 	55.49	33.64	168.51	10  
0128/150	19   	2.05 	10.18   	105.92	61.7 	30.53	170.53	10  
0129/150	19   	2.04 	11.69   	69.9  	53.78	17.39	168.33	10  
0130/150	19   	2.01 	10.95   	81.05 	60.59	23.19	174.37	10  
0131/150	19   	1.96 	12.51   	104.56	55.37	35.76	172.54	10  
0132/150	19   	1.97 	12.51   	99.02 	64.04	14.81	171.97	10  
0133/150	19   	1.97 	12.04   	69.45 	49.56	11.81	168.32	10  
0134/150	19   	1.95 	11.86   	79.71 	61.96	10.31	171.72	10  
0135/150	19   	1.96 	11.02   	86.18 	56.53	21.82	170.76	10  
0136/150	19   	1.95 	12.56   	106.96	61.58	23.52	171.69	10  
0137/150	19   	1.94 	12.53   	93.87 	66.04	13.46	172.62	10  
0138/150	19   	1.92 	11.85   	70.06 	55.14	16.78	169.39	10  
0139/150	19   	1.87 	12.22   	85.48 	57.68	22.23	171.49	10  
0140/150	19   	1.86 	12.2    	102.45	68.13	14.3 	171.91	10  
0141/150	19   	1.84 	12.45   	118.28	60.1 	21.06	175.53	10  
0142/150	19   	1.81 	12.24   	98    	68.23	10.96	174.01	10  
0143/150	19   	1.77 	12.31   	91.4  	59.61	14.45	179.55	10  
0144/150	19   	1.69 	12.63   	138.89	51.7 	27.35	180.99	10  
0145/150	19   	1.65 	12.34   	92.7  	68.97	16.84	176.58	10  
0146/150	19   	1.64 	12.28   	121.63	62.58	15.35	182.79	10  
0147/150	19   	1.62 	11.78   	86.46 	62.92	18.93	178.08	10  
0148/150	19   	1.63 	13.11   	105.79	65.19	21.43	182.93	10  
0149/150	19   	1.63 	11.05   	91.28 	53.52	24.66	177.09	10
